<?xml version="1.0" encoding="UTF-8"?>
<!-- Generated by org.testng.reporters.JUnitXMLReporter -->
<testsuite hostname="DESKTOP-8FU55Q9" ignored="0" name="Default test" tests="2" failures="0" timestamp="26 Mar 2019 03:43:15 GMT" time="93.71" errors="0">
  <testcase name="runScenario" time="43.708" classname="cucumber.api.testng.AbstractTestNGCucumberTests"/>
  <testcase name="runScenario" time="49.626" classname="cucumber.api.testng.AbstractTestNGCucumberTests"/>
</testsuite> <!-- Default test -->
