<?xml version="1.0" encoding="UTF-8"?>
<testng-results skipped="0" failed="0" ignored="0" total="2" passed="2">
  <reporter-output>
  </reporter-output>
  <suite name="Default suite" duration-ms="93710" started-at="2019-03-26T03:41:41Z" finished-at="2019-03-26T03:43:15Z">
    <groups>
      <group name="cucumber">
        <method signature="AbstractTestNGCucumberTests.runScenario(cucumber.api.testng.PickleEventWrapper, cucumber.api.testng.CucumberFeatureWrapper)[pri:0, instance:runner.testRunner@7b49cea0]" name="runScenario" class="cucumber.api.testng.AbstractTestNGCucumberTests"/>
      </group> <!-- cucumber -->
    </groups>
    <test name="Default test" duration-ms="93710" started-at="2019-03-26T03:41:41Z" finished-at="2019-03-26T03:43:15Z">
      <class name="runner.testRunner">
        <test-method status="PASS" signature="setUpClass()[pri:0, instance:runner.testRunner@7b49cea0]" name="setUpClass" is-config="true" duration-ms="231" started-at="2019-03-26T03:41:41Z" finished-at="2019-03-26T03:41:41Z">
          <reporter-output>
          </reporter-output>
        </test-method> <!-- setUpClass -->
        <test-method status="PASS" signature="runScenario(cucumber.api.testng.PickleEventWrapper, cucumber.api.testng.CucumberFeatureWrapper)[pri:0, instance:runner.testRunner@7b49cea0]" name="runScenario" duration-ms="43708" started-at="2019-03-26T03:41:41Z" description="Runs Cucumber Scenarios" data-provider="scenarios" finished-at="2019-03-26T03:42:25Z">
          <params>
            <param index="0">
              <value>
                <![CDATA["Login with valid credentials"]]>
              </value>
            </param>
            <param index="1">
              <value>
                <![CDATA["Login Feature"]]>
              </value>
            </param>
          </params>
          <reporter-output>
          </reporter-output>
        </test-method> <!-- runScenario -->
        <test-method status="PASS" signature="runScenario(cucumber.api.testng.PickleEventWrapper, cucumber.api.testng.CucumberFeatureWrapper)[pri:0, instance:runner.testRunner@7b49cea0]" name="runScenario" duration-ms="49626" started-at="2019-03-26T03:42:25Z" description="Runs Cucumber Scenarios" data-provider="scenarios" finished-at="2019-03-26T03:43:15Z">
          <params>
            <param index="0">
              <value>
                <![CDATA["Login with invalid credentials"]]>
              </value>
            </param>
            <param index="1">
              <value>
                <![CDATA["Login Feature"]]>
              </value>
            </param>
          </params>
          <reporter-output>
          </reporter-output>
        </test-method> <!-- runScenario -->
        <test-method status="PASS" signature="tearDownClass()[pri:0, instance:runner.testRunner@7b49cea0]" name="tearDownClass" is-config="true" duration-ms="63" started-at="2019-03-26T03:43:15Z" finished-at="2019-03-26T03:43:15Z">
          <reporter-output>
          </reporter-output>
        </test-method> <!-- tearDownClass -->
        <test-method status="PASS" signature="writeCucumberHtmlReport()[pri:0, instance:runner.testRunner@7b49cea0]" name="writeCucumberHtmlReport" is-config="true" duration-ms="2569" started-at="2019-03-26T03:43:15Z" finished-at="2019-03-26T03:43:17Z">
          <reporter-output>
          </reporter-output>
        </test-method> <!-- writeCucumberHtmlReport -->
      </class> <!-- runner.testRunner -->
    </test> <!-- Default test -->
  </suite> <!-- Default suite -->
</testng-results>
